e:\project\mfcdll\consoletest\consoletest\d3d11test\d3d11test\d3d11box\debug\vc140.pdb
e:\project\mfcdll\consoletest\consoletest\d3d11test\d3d11test\d3d11box\debug\vc140.idb
e:\project\mfcdll\consoletest\consoletest\d3d11test\d3d11test\d3d11box\debug\hykbox.obj
e:\project\mfcdll\consoletest\consoletest\d3d11test\d3d11test\d3d11box\debug\cfactory.obj
e:\project\mfcdll\consoletest\consoletest\d3d11test\d3d11test\d3d11box\debug\cunknown.obj
e:\project\mfcdll\consoletest\consoletest\d3d11test\d3d11test\d3d11box\debug\registry.obj
e:\project\mfcdll\consoletest\consoletest\d3d11test\d3d11test\d3d11box\debug\server.obj
e:\project\mfcdll\consoletest\consoletest\d3d11test\d3d11test\d3d11box\debug\hykd3d11graphic_c.obj
e:\project\mfcdll\consoletest\consoletest\d3d11test\d3d11test\debug\d3d11box.lib
e:\project\mfcdll\consoletest\consoletest\d3d11test\d3d11test\debug\d3d11box.exp
e:\project\mfcdll\consoletest\consoletest\d3d11test\d3d11test\debug\d3d11box.ilk
e:\project\mfcdll\consoletest\consoletest\d3d11test\d3d11test\debug\d3d11box.dll
e:\project\mfcdll\consoletest\consoletest\d3d11test\d3d11test\debug\d3d11box.pdb
e:\project\mfcdll\consoletest\consoletest\d3d11test\d3d11test\d3d11box\debug\d3d11box.tlb
e:\project\mfcdll\consoletest\consoletest\d3d11test\d3d11test\d3d11box\cmpnt_p.c
e:\project\mfcdll\consoletest\consoletest\d3d11test\d3d11test\d3d11box\hykd3d11graphic_c.c
e:\project\mfcdll\consoletest\consoletest\d3d11test\d3d11test\d3d11box\hykd3d11graphic_h.h
e:\project\mfcdll\consoletest\consoletest\d3d11test\d3d11test\d3d11box\debug\d3d11box.tlog\cl.command.1.tlog
e:\project\mfcdll\consoletest\consoletest\d3d11test\d3d11test\d3d11box\debug\d3d11box.tlog\cl.read.1.tlog
e:\project\mfcdll\consoletest\consoletest\d3d11test\d3d11test\d3d11box\debug\d3d11box.tlog\cl.write.1.tlog
e:\project\mfcdll\consoletest\consoletest\d3d11test\d3d11test\d3d11box\debug\d3d11box.tlog\d3d11box.write.1u.tlog
e:\project\mfcdll\consoletest\consoletest\d3d11test\d3d11test\d3d11box\debug\d3d11box.tlog\link.command.1.tlog
e:\project\mfcdll\consoletest\consoletest\d3d11test\d3d11test\d3d11box\debug\d3d11box.tlog\link.read.1.tlog
e:\project\mfcdll\consoletest\consoletest\d3d11test\d3d11test\d3d11box\debug\d3d11box.tlog\link.write.1.tlog
e:\project\mfcdll\consoletest\consoletest\d3d11test\d3d11test\d3d11box\debug\d3d11box.tlog\midl.command.1.tlog
e:\project\mfcdll\consoletest\consoletest\d3d11test\d3d11test\d3d11box\debug\d3d11box.tlog\midl.read.1.tlog
e:\project\mfcdll\consoletest\consoletest\d3d11test\d3d11test\d3d11box\debug\d3d11box.tlog\midl.write.1.tlog
